<?xml version="1.0" encoding="UTF-8"?>
<!-- Generated by org.testng.reporters.JUnitReportReporter -->
<testsuite hostname="DESKTOP-R6OG8FM" failures="0" tests="1" name="com.practice.ReSESTAssuredPractice" time="2.147" errors="0" timestamp="2023-07-10T18:02:11 IST" skipped="0">
  <testcase classname="com.practice.ReSESTAssuredPractice" name="deleteMethod" time="2.147"/>
  <system-out/>
</testsuite> <!-- com.practice.ReSESTAssuredPractice -->
