<?xml version="1.0" encoding="UTF-8"?>
<!-- Generated by org.testng.reporters.JUnitReportReporter -->
<testsuite skipped="0" hostname="DESKTOP-R6OG8FM" name="TestNGPractice" tests="3" failures="0" timestamp="2023-04-18T16:04:55 IST" time="0.013" errors="0">
  <testcase name="cde" time="0.003" classname="TestNGPractice"/>
  <system-out/>
  <testcase name="abc" time="0.008" classname="TestNGPractice"/>
  <system-out/>
  <testcase name="bcd" time="0.002" classname="TestNGPractice"/>
  <system-out/>
</testsuite> <!-- TestNGPractice -->
